This is XeTeX, Version 3.141592653-2.6-0.999996 (TeX Live 2024) (preloaded format=xelatex 2024.8.7)  30 JAN 2025 21:15
entering extended mode
 restricted \write18 enabled.
 %&-line parsing enabled.
**TransformingResearchMethods.tex
(./TransformingResearchMethods.tex
LaTeX2e <2024-06-01> patch level 2
L3 programming layer <2024-07-20>
(c:/Users/lhbik/AppData/Roaming/TinyTeX/texmf-dist/tex/latex/base/book.cls
Document Class: book 2024/02/08 v1.4n Standard LaTeX document class
(c:/Users/lhbik/AppData/Roaming/TinyTeX/texmf-dist/tex/latex/base/bk11.clo
File: bk11.clo 2024/02/08 v1.4n Standard LaTeX file (size option)
)
\c@part=\count190
\c@chapter=\count191
\c@section=\count192
\c@subsection=\count193
\c@subsubsection=\count194
\c@paragraph=\count195
\c@subparagraph=\count196
\c@figure=\count197
\c@table=\count198
\abovecaptionskip=\skip49
\belowcaptionskip=\skip50
\bibindent=\dimen141
) (c:/Users/lhbik/AppData/Roaming/TinyTeX/texmf-dist/tex/latex/amsmath/amsmath.sty
Package: amsmath 2024/05/23 v2.17q AMS math features
\@mathmargin=\skip51
For additional information on amsmath, use the `?' option.
(c:/Users/lhbik/AppData/Roaming/TinyTeX/texmf-dist/tex/latex/amsmath/amstext.sty
Package: amstext 2021/08/26 v2.01 AMS text
(c:/Users/lhbik/AppData/Roaming/TinyTeX/texmf-dist/tex/latex/amsmath/amsgen.sty
File: amsgen.sty 1999/11/30 v2.0 generic functions
\@emptytoks=\toks17
\ex@=\dimen142
)) (c:/Users/lhbik/AppData/Roaming/TinyTeX/texmf-dist/tex/latex/amsmath/amsbsy.sty
Package: amsbsy 1999/11/29 v1.2d Bold Symbols
\pmbraise@=\dimen143
) (c:/Users/lhbik/AppData/Roaming/TinyTeX/texmf-dist/tex/latex/amsmath/amsopn.sty
Package: amsopn 2022/04/08 v2.04 operator names
)
\inf@bad=\count199
LaTeX Info: Redefining \frac on input line 233.
\uproot@=\count266
\leftroot@=\count267
LaTeX Info: Redefining \overline on input line 398.
LaTeX Info: Redefining \colon on input line 409.
\classnum@=\count268
\DOTSCASE@=\count269
LaTeX Info: Redefining \ldots on input line 495.
LaTeX Info: Redefining \dots on input line 498.
LaTeX Info: Redefining \cdots on input line 619.
\Mathstrutbox@=\box52
\strutbox@=\box53
LaTeX Info: Redefining \big on input line 721.
LaTeX Info: Redefining \Big on input line 722.
LaTeX Info: Redefining \bigg on input line 723.
LaTeX Info: Redefining \Bigg on input line 724.
\big@size=\dimen144
LaTeX Font Info:    Redeclaring font encoding OML on input line 742.
LaTeX Font Info:    Redeclaring font encoding OMS on input line 743.
\macc@depth=\count270
LaTeX Info: Redefining \bmod on input line 904.
LaTeX Info: Redefining \pmod on input line 909.
LaTeX Info: Redefining \smash on input line 939.
LaTeX Info: Redefining \relbar on input line 969.
LaTeX Info: Redefining \Relbar on input line 970.
\c@MaxMatrixCols=\count271
\dotsspace@=\muskip17
\c@parentequation=\count272
\dspbrk@lvl=\count273
\tag@help=\toks18
\row@=\count274
\column@=\count275
\maxfields@=\count276
\andhelp@=\toks19
\eqnshift@=\dimen145
\alignsep@=\dimen146
\tagshift@=\dimen147
\tagwidth@=\dimen148
\totwidth@=\dimen149
\lineht@=\dimen150
\@envbody=\toks20
\multlinegap=\skip52
\multlinetaggap=\skip53
\mathdisplay@stack=\toks21
LaTeX Info: Redefining \[ on input line 2953.
LaTeX Info: Redefining \] on input line 2954.
) (c:/Users/lhbik/AppData/Roaming/TinyTeX/texmf-dist/tex/latex/amsfonts/amssymb.sty
Package: amssymb 2013/01/14 v3.01 AMS font symbols
(c:/Users/lhbik/AppData/Roaming/TinyTeX/texmf-dist/tex/latex/amsfonts/amsfonts.sty
Package: amsfonts 2013/01/14 v3.01 Basic AMSFonts support
\symAMSa=\mathgroup4
\symAMSb=\mathgroup5
LaTeX Font Info:    Redeclaring math symbol \hbar on input line 98.
LaTeX Font Info:    Overwriting math alphabet `\mathfrak' in version `bold'
(Font)                  U/euf/m/n --> U/euf/b/n on input line 106.
)) (c:/Users/lhbik/AppData/Roaming/TinyTeX/texmf-dist/tex/generic/iftex/iftex.sty
Package: iftex 2022/02/03 v1.0f TeX engine tests
) (c:/Users/lhbik/AppData/Roaming/TinyTeX/texmf-dist/tex/latex/unicode-math/unicode-math.sty (c:/Users/lhbik/AppData/Roaming/TinyTeX/texmf-dist/tex/latex/l3kernel/expl3.sty
Package: expl3 2024-07-20 L3 programming layer (loader) 
(c:/Users/lhbik/AppData/Roaming/TinyTeX/texmf-dist/tex/latex/l3backend/l3backend-xetex.def
File: l3backend-xetex.def 2024-05-08 L3 backend support: XeTeX
\g__graphics_track_int=\count277
\l__pdf_internal_box=\box54
\g__pdf_backend_annotation_int=\count278
\g__pdf_backend_link_int=\count279
))
Package: unicode-math 2023/08/13 v0.8r Unicode maths in XeLaTeX and LuaLaTeX
(c:/Users/lhbik/AppData/Roaming/TinyTeX/texmf-dist/tex/latex/unicode-math/unicode-math-xetex.sty
Package: unicode-math-xetex 2023/08/13 v0.8r Unicode maths in XeLaTeX and LuaLaTeX
(c:/Users/lhbik/AppData/Roaming/TinyTeX/texmf-dist/tex/latex/l3packages/xparse/xparse.sty
Package: xparse 2024-05-08 L3 Experimental document command parser
) (c:/Users/lhbik/AppData/Roaming/TinyTeX/texmf-dist/tex/latex/l3packages/l3keys2e/l3keys2e.sty
Package: l3keys2e 2024-05-08 LaTeX2e option processing using LaTeX3 keys
) (c:/Users/lhbik/AppData/Roaming/TinyTeX/texmf-dist/tex/latex/fontspec/fontspec.sty
Package: fontspec 2024/05/11 v2.9e Font selection for XeLaTeX and LuaLaTeX
(c:/Users/lhbik/AppData/Roaming/TinyTeX/texmf-dist/tex/latex/fontspec/fontspec-xetex.sty
Package: fontspec-xetex 2024/05/11 v2.9e Font selection for XeLaTeX and LuaLaTeX
\l__fontspec_script_int=\count280
\l__fontspec_language_int=\count281
\l__fontspec_strnum_int=\count282
\l__fontspec_tmp_int=\count283
\l__fontspec_tmpa_int=\count284
\l__fontspec_tmpb_int=\count285
\l__fontspec_tmpc_int=\count286
\l__fontspec_em_int=\count287
\l__fontspec_emdef_int=\count288
\l__fontspec_strong_int=\count289
\l__fontspec_strongdef_int=\count290
\l__fontspec_tmpa_dim=\dimen151
\l__fontspec_tmpb_dim=\dimen152
\l__fontspec_tmpc_dim=\dimen153
(c:/Users/lhbik/AppData/Roaming/TinyTeX/texmf-dist/tex/latex/base/fontenc.sty
Package: fontenc 2021/04/29 v2.0v Standard LaTeX package
) (c:/Users/lhbik/AppData/Roaming/TinyTeX/texmf-dist/tex/latex/fontspec/fontspec.cfg))) (c:/Users/lhbik/AppData/Roaming/TinyTeX/texmf-dist/tex/latex/base/fix-cm.sty
Package: fix-cm 2020/11/24 v1.1t fixes to LaTeX
(c:/Users/lhbik/AppData/Roaming/TinyTeX/texmf-dist/tex/latex/base/ts1enc.def
File: ts1enc.def 2001/06/05 v3.0e (jk/car/fm) Standard LaTeX file
LaTeX Font Info:    Redeclaring font encoding TS1 on input line 47.
))
\g__um_fam_int=\count291
\g__um_fonts_used_int=\count292
\l__um_primecount_int=\count293
\g__um_primekern_muskip=\muskip18
(c:/Users/lhbik/AppData/Roaming/TinyTeX/texmf-dist/tex/latex/unicode-math/unicode-math-table.tex))) (c:/Users/lhbik/AppData/Roaming/TinyTeX/texmf-dist/tex/latex/lm/lmodern.sty
Package: lmodern 2015/05/01 v1.6.1 Latin Modern Fonts
LaTeX Font Info:    Overwriting symbol font `operators' in version `normal'
(Font)                  OT1/cmr/m/n --> OT1/lmr/m/n on input line 22.
LaTeX Font Info:    Overwriting symbol font `letters' in version `normal'
(Font)                  OML/cmm/m/it --> OML/lmm/m/it on input line 23.
LaTeX Font Info:    Overwriting symbol font `symbols' in version `normal'
(Font)                  OMS/cmsy/m/n --> OMS/lmsy/m/n on input line 24.
LaTeX Font Info:    Overwriting symbol font `largesymbols' in version `normal'
(Font)                  OMX/cmex/m/n --> OMX/lmex/m/n on input line 25.
LaTeX Font Info:    Overwriting symbol font `operators' in version `bold'
(Font)                  OT1/cmr/bx/n --> OT1/lmr/bx/n on input line 26.
LaTeX Font Info:    Overwriting symbol font `letters' in version `bold'
(Font)                  OML/cmm/b/it --> OML/lmm/b/it on input line 27.
LaTeX Font Info:    Overwriting symbol font `symbols' in version `bold'
(Font)                  OMS/cmsy/b/n --> OMS/lmsy/b/n on input line 28.
LaTeX Font Info:    Overwriting symbol font `largesymbols' in version `bold'
(Font)                  OMX/cmex/m/n --> OMX/lmex/m/n on input line 29.
LaTeX Font Info:    Overwriting math alphabet `\mathbf' in version `normal'
(Font)                  OT1/cmr/bx/n --> OT1/lmr/bx/n on input line 31.
LaTeX Font Info:    Overwriting math alphabet `\mathsf' in version `normal'
(Font)                  OT1/cmss/m/n --> OT1/lmss/m/n on input line 32.
LaTeX Font Info:    Overwriting math alphabet `\mathit' in version `normal'
(Font)                  OT1/cmr/m/it --> OT1/lmr/m/it on input line 33.
LaTeX Font Info:    Overwriting math alphabet `\mathtt' in version `normal'
(Font)                  OT1/cmtt/m/n --> OT1/lmtt/m/n on input line 34.
LaTeX Font Info:    Overwriting math alphabet `\mathbf' in version `bold'
(Font)                  OT1/cmr/bx/n --> OT1/lmr/bx/n on input line 35.
LaTeX Font Info:    Overwriting math alphabet `\mathsf' in version `bold'
(Font)                  OT1/cmss/bx/n --> OT1/lmss/bx/n on input line 36.
LaTeX Font Info:    Overwriting math alphabet `\mathit' in version `bold'
(Font)                  OT1/cmr/bx/it --> OT1/lmr/bx/it on input line 37.
LaTeX Font Info:    Overwriting math alphabet `\mathtt' in version `bold'
(Font)                  OT1/cmtt/m/n --> OT1/lmtt/m/n on input line 38.
) (c:/Users/lhbik/AppData/Roaming/TinyTeX/texmf-dist/tex/latex/xcolor/xcolor.sty
Package: xcolor 2023/11/15 v3.01 LaTeX color extensions (UK)
(c:/Users/lhbik/AppData/Roaming/TinyTeX/texmf-dist/tex/latex/graphics-cfg/color.cfg
File: color.cfg 2016/01/02 v1.6 sample color configuration
)
Package xcolor Info: Driver file: xetex.def on input line 274.
(c:/Users/lhbik/AppData/Roaming/TinyTeX/texmf-dist/tex/latex/graphics-def/xetex.def
File: xetex.def 2022/09/22 v5.0n Graphics/color driver for xetex
) (c:/Users/lhbik/AppData/Roaming/TinyTeX/texmf-dist/tex/latex/graphics/mathcolor.ltx)
Package xcolor Info: Model `cmy' substituted by `cmy0' on input line 1350.
Package xcolor Info: Model `RGB' extended on input line 1366.
Package xcolor Info: Model `HTML' substituted by `rgb' on input line 1368.
Package xcolor Info: Model `Hsb' substituted by `hsb' on input line 1369.
Package xcolor Info: Model `tHsb' substituted by `hsb' on input line 1370.
Package xcolor Info: Model `HSB' substituted by `hsb' on input line 1371.
Package xcolor Info: Model `Gray' substituted by `gray' on input line 1372.
Package xcolor Info: Model `wave' substituted by `hsb' on input line 1373.
) (c:/Users/lhbik/AppData/Roaming/TinyTeX/texmf-dist/tex/latex/graphics/dvipsnam.def
File: dvipsnam.def 2016/06/17 v3.0m Driver-dependent file (DPC,SPQR)
) (c:/Users/lhbik/AppData/Roaming/TinyTeX/texmf-dist/tex/latex/xcolor/svgnam.def
File: svgnam.def 2023/11/15 v3.01 Predefined colors according to SVG 1.1 (UK)
) (c:/Users/lhbik/AppData/Roaming/TinyTeX/texmf-dist/tex/latex/xcolor/x11nam.def
File: x11nam.def 2023/11/15 v3.01 Predefined colors according to Unix/X11 (UK)
) (c:/Users/lhbik/AppData/Roaming/TinyTeX/texmf-dist/tex/latex/geometry/geometry.sty
Package: geometry 2020/01/02 v5.9 Page Geometry
(c:/Users/lhbik/AppData/Roaming/TinyTeX/texmf-dist/tex/latex/graphics/keyval.sty
Package: keyval 2022/05/29 v1.15 key=value parser (DPC)
\KV@toks@=\toks22
) (c:/Users/lhbik/AppData/Roaming/TinyTeX/texmf-dist/tex/generic/iftex/ifvtex.sty
Package: ifvtex 2019/10/25 v1.7 ifvtex legacy package. Use iftex instead.
)
\Gm@cnth=\count294
\Gm@cntv=\count295
\c@Gm@tempcnt=\count296
\Gm@bindingoffset=\dimen154
\Gm@wd@mp=\dimen155
\Gm@odd@mp=\dimen156
\Gm@even@mp=\dimen157
\Gm@layoutwidth=\dimen158
\Gm@layoutheight=\dimen159
\Gm@layouthoffset=\dimen160
\Gm@layoutvoffset=\dimen161
\Gm@dimlist=\toks23
) (c:/Users/lhbik/AppData/Roaming/TinyTeX/texmf-dist/tex/latex/tools/longtable.sty
Package: longtable 2024-04-26 v4.20 Multi-page Table package (DPC)
\LTleft=\skip54
\LTright=\skip55
\LTpre=\skip56
\LTpost=\skip57
\LTchunksize=\count297
\LTcapwidth=\dimen162
\LT@head=\box55
\LT@firsthead=\box56
\LT@foot=\box57
\LT@lastfoot=\box58
\LT@gbox=\box59
\LT@cols=\count298
\LT@rows=\count299
\c@LT@tables=\count300
\c@LT@chunks=\count301
\LT@p@ftn=\toks24
) (c:/Users/lhbik/AppData/Roaming/TinyTeX/texmf-dist/tex/latex/booktabs/booktabs.sty
Package: booktabs 2020/01/12 v1.61803398 Publication quality tables
\heavyrulewidth=\dimen163
\lightrulewidth=\dimen164
\cmidrulewidth=\dimen165
\belowrulesep=\dimen166
\belowbottomsep=\dimen167
\aboverulesep=\dimen168
\abovetopsep=\dimen169
\cmidrulesep=\dimen170
\cmidrulekern=\dimen171
\defaultaddspace=\dimen172
\@cmidla=\count302
\@cmidlb=\count303
\@aboverulesep=\dimen173
\@belowrulesep=\dimen174
\@thisruleclass=\count304
\@lastruleclass=\count305
\@thisrulewidth=\dimen175
) (c:/Users/lhbik/AppData/Roaming/TinyTeX/texmf-dist/tex/latex/tools/array.sty
Package: array 2024/06/14 v2.6d Tabular extension package (FMi)
\col@sep=\dimen176
\ar@mcellbox=\box60
\extrarowheight=\dimen177
\NC@list=\toks25
\extratabsurround=\skip58
\backup@length=\skip59
\ar@cellbox=\box61
) (c:/Users/lhbik/AppData/Roaming/TinyTeX/texmf-dist/tex/latex/tools/calc.sty
Package: calc 2023/07/08 v4.3 Infix arithmetic (KKT,FJ)
\calc@Acount=\count306
\calc@Bcount=\count307
\calc@Adimen=\dimen178
\calc@Bdimen=\dimen179
\calc@Askip=\skip60
\calc@Bskip=\skip61
LaTeX Info: Redefining \setlength on input line 80.
LaTeX Info: Redefining \addtolength on input line 81.
\calc@Ccount=\count308
\calc@Cskip=\skip62
) (c:/Users/lhbik/AppData/Roaming/TinyTeX/texmf-dist/tex/latex/etoolbox/etoolbox.sty
Package: etoolbox 2020/10/05 v2.5k e-TeX tools for LaTeX (JAW)
\etb@tempcnta=\count309
) (c:/Users/lhbik/AppData/Roaming/TinyTeX/texmf-dist/tex/latex/mdwtools/footnote.sty
Package: footnote 1997/01/28 1.13 Save footnotes around boxes
\fn@notes=\box62
\fn@width=\dimen180
) (c:/Users/lhbik/AppData/Roaming/TinyTeX/texmf-dist/tex/latex/graphics/graphicx.sty
Package: graphicx 2021/09/16 v1.2d Enhanced LaTeX Graphics (DPC,SPQR)
(c:/Users/lhbik/AppData/Roaming/TinyTeX/texmf-dist/tex/latex/graphics/graphics.sty
Package: graphics 2024/05/23 v1.4g Standard LaTeX Graphics (DPC,SPQR)
(c:/Users/lhbik/AppData/Roaming/TinyTeX/texmf-dist/tex/latex/graphics/trig.sty
Package: trig 2023/12/02 v1.11 sin cos tan (DPC)
) (c:/Users/lhbik/AppData/Roaming/TinyTeX/texmf-dist/tex/latex/graphics-cfg/graphics.cfg
File: graphics.cfg 2016/06/04 v1.11 sample graphics configuration
)
Package graphics Info: Driver file: xetex.def on input line 106.
)
\Gin@req@height=\dimen181
\Gin@req@width=\dimen182
) (c:/Users/lhbik/AppData/Roaming/TinyTeX/texmf-dist/tex/latex/natbib/natbib.sty
Package: natbib 2010/09/13 8.31b (PWD, AO)
\bibhang=\skip63
\bibsep=\skip64
LaTeX Info: Redefining \cite on input line 694.
\c@NAT@ctr=\count310
) (c:/Users/lhbik/AppData/Roaming/TinyTeX/texmf-dist/tex/latex/bookmark/bookmark.sty
Package: bookmark 2023-12-10 v1.31 PDF bookmarks (HO)
(c:/Users/lhbik/AppData/Roaming/TinyTeX/texmf-dist/tex/latex/hyperref/hyperref.sty
Package: hyperref 2024-07-10 v7.01j Hypertext links for LaTeX
(c:/Users/lhbik/AppData/Roaming/TinyTeX/texmf-dist/tex/latex/kvsetkeys/kvsetkeys.sty
Package: kvsetkeys 2022-10-05 v1.19 Key value parser (HO)
) (c:/Users/lhbik/AppData/Roaming/TinyTeX/texmf-dist/tex/generic/kvdefinekeys/kvdefinekeys.sty
Package: kvdefinekeys 2019-12-19 v1.6 Define keys (HO)
) (c:/Users/lhbik/AppData/Roaming/TinyTeX/texmf-dist/tex/generic/pdfescape/pdfescape.sty
Package: pdfescape 2019/12/09 v1.15 Implements pdfTeX's escape features (HO)
(c:/Users/lhbik/AppData/Roaming/TinyTeX/texmf-dist/tex/generic/ltxcmds/ltxcmds.sty
Package: ltxcmds 2023-12-04 v1.26 LaTeX kernel commands for general use (HO)
) (c:/Users/lhbik/AppData/Roaming/TinyTeX/texmf-dist/tex/generic/pdftexcmds/pdftexcmds.sty
Package: pdftexcmds 2020-06-27 v0.33 Utility functions of pdfTeX for LuaTeX (HO)
(c:/Users/lhbik/AppData/Roaming/TinyTeX/texmf-dist/tex/generic/infwarerr/infwarerr.sty
Package: infwarerr 2019/12/03 v1.5 Providing info/warning/error messages (HO)
)
Package pdftexcmds Info: \pdf@primitive is available.
Package pdftexcmds Info: \pdf@ifprimitive is available.
Package pdftexcmds Info: \pdfdraftmode not found.
)) (c:/Users/lhbik/AppData/Roaming/TinyTeX/texmf-dist/tex/latex/hycolor/hycolor.sty
Package: hycolor 2020-01-27 v1.10 Color options for hyperref/bookmark (HO)
) (c:/Users/lhbik/AppData/Roaming/TinyTeX/texmf-dist/tex/latex/hyperref/nameref.sty
Package: nameref 2023-11-26 v2.56 Cross-referencing by name of section
(c:/Users/lhbik/AppData/Roaming/TinyTeX/texmf-dist/tex/latex/refcount/refcount.sty
Package: refcount 2019/12/15 v3.6 Data extraction from label references (HO)
) (c:/Users/lhbik/AppData/Roaming/TinyTeX/texmf-dist/tex/generic/gettitlestring/gettitlestring.sty
Package: gettitlestring 2019/12/15 v1.6 Cleanup title references (HO)
(c:/Users/lhbik/AppData/Roaming/TinyTeX/texmf-dist/tex/latex/kvoptions/kvoptions.sty
Package: kvoptions 2022-06-15 v3.15 Key value format for package options (HO)
))
\c@section@level=\count311
) (c:/Users/lhbik/AppData/Roaming/TinyTeX/texmf-dist/tex/generic/stringenc/stringenc.sty
Package: stringenc 2019/11/29 v1.12 Convert strings between diff. encodings (HO)
)
\@linkdim=\dimen183
\Hy@linkcounter=\count312
\Hy@pagecounter=\count313
(c:/Users/lhbik/AppData/Roaming/TinyTeX/texmf-dist/tex/latex/hyperref/pd1enc.def
File: pd1enc.def 2024-07-10 v7.01j Hyperref: PDFDocEncoding definition (HO)
) (c:/Users/lhbik/AppData/Roaming/TinyTeX/texmf-dist/tex/generic/intcalc/intcalc.sty
Package: intcalc 2019/12/15 v1.3 Expandable calculations with integers (HO)
)
\Hy@SavedSpaceFactor=\count314
(c:/Users/lhbik/AppData/Roaming/TinyTeX/texmf-dist/tex/latex/hyperref/puenc.def
File: puenc.def 2024-07-10 v7.01j Hyperref: PDF Unicode definition (HO)
)
Package hyperref Info: Option `unicode' set `true' on input line 4040.
Package hyperref Info: Hyper figures OFF on input line 4157.
Package hyperref Info: Link nesting OFF on input line 4162.
Package hyperref Info: Hyper index ON on input line 4165.
Package hyperref Info: Plain pages OFF on input line 4172.
Package hyperref Info: Backreferencing OFF on input line 4177.
Package hyperref Info: Implicit mode ON; LaTeX internals redefined.
Package hyperref Info: Bookmarks ON on input line 4424.
\c@Hy@tempcnt=\count315
(c:/Users/lhbik/AppData/Roaming/TinyTeX/texmf-dist/tex/latex/url/url.sty
\Urlmuskip=\muskip19
Package: url 2013/09/16  ver 3.4  Verb mode for urls, etc.
)
LaTeX Info: Redefining \url on input line 4763.
\XeTeXLinkMargin=\dimen184
(c:/Users/lhbik/AppData/Roaming/TinyTeX/texmf-dist/tex/generic/bitset/bitset.sty
Package: bitset 2019/12/09 v1.3 Handle bit-vector datatype (HO)
(c:/Users/lhbik/AppData/Roaming/TinyTeX/texmf-dist/tex/generic/bigintcalc/bigintcalc.sty
Package: bigintcalc 2019/12/15 v1.5 Expandable calculations on big integers (HO)
))
\Fld@menulength=\count316
\Field@Width=\dimen185
\Fld@charsize=\dimen186
Package hyperref Info: Hyper figures OFF on input line 6042.
Package hyperref Info: Link nesting OFF on input line 6047.
Package hyperref Info: Hyper index ON on input line 6050.
Package hyperref Info: backreferencing OFF on input line 6057.
Package hyperref Info: Link coloring OFF on input line 6062.
Package hyperref Info: Link coloring with OCG OFF on input line 6067.
Package hyperref Info: PDF/A mode OFF on input line 6072.
(c:/Users/lhbik/AppData/Roaming/TinyTeX/texmf-dist/tex/latex/base/atbegshi-ltx.sty
Package: atbegshi-ltx 2021/01/10 v1.0c Emulation of the original atbegshi
package with kernel methods
)
\Hy@abspage=\count317
\c@Item=\count318
\c@Hfootnote=\count319
)
Package hyperref Info: Driver (autodetected): hxetex.
(c:/Users/lhbik/AppData/Roaming/TinyTeX/texmf-dist/tex/latex/hyperref/hxetex.def
File: hxetex.def 2024-07-10 v7.01j Hyperref driver for XeTeX
\pdfm@box=\box63
\c@Hy@AnnotLevel=\count320
\HyField@AnnotCount=\count321
\Fld@listcount=\count322
\c@bookmark@seq@number=\count323
(c:/Users/lhbik/AppData/Roaming/TinyTeX/texmf-dist/tex/latex/rerunfilecheck/rerunfilecheck.sty
Package: rerunfilecheck 2022-07-10 v1.10 Rerun checks for auxiliary files (HO)
(c:/Users/lhbik/AppData/Roaming/TinyTeX/texmf-dist/tex/latex/base/atveryend-ltx.sty
Package: atveryend-ltx 2020/08/19 v1.0a Emulation of the original atveryend package
with kernel methods
) (c:/Users/lhbik/AppData/Roaming/TinyTeX/texmf-dist/tex/generic/uniquecounter/uniquecounter.sty
Package: uniquecounter 2019/12/15 v1.4 Provide unlimited unique counter (HO)
)
Package uniquecounter Info: New unique counter `rerunfilecheck' on input line 285.
)
\Hy@SectionHShift=\skip65
) (c:/Users/lhbik/AppData/Roaming/TinyTeX/texmf-dist/tex/latex/bookmark/bkm-dvipdfm.def
File: bkm-dvipdfm.def 2023-12-10 v1.31 bookmark driver for dvipdfm (HO)
\BKM@id=\count324
))
Package hyperref Info: Option `colorlinks' set `true' on input line 86.
(./TransformingResearchMethods.aux)
\openout1 = `TransformingResearchMethods.aux'.

LaTeX Font Info:    Checking defaults for OML/cmm/m/it on input line 92.
LaTeX Font Info:    ... okay on input line 92.
LaTeX Font Info:    Checking defaults for OMS/cmsy/m/n on input line 92.
LaTeX Font Info:    ... okay on input line 92.
LaTeX Font Info:    Checking defaults for OT1/cmr/m/n on input line 92.
LaTeX Font Info:    ... okay on input line 92.
LaTeX Font Info:    Checking defaults for T1/cmr/m/n on input line 92.
LaTeX Font Info:    ... okay on input line 92.
LaTeX Font Info:    Checking defaults for TS1/cmr/m/n on input line 92.
LaTeX Font Info:    ... okay on input line 92.
LaTeX Font Info:    Checking defaults for TU/lmr/m/n on input line 92.
LaTeX Font Info:    ... okay on input line 92.
LaTeX Font Info:    Checking defaults for OMX/cmex/m/n on input line 92.
LaTeX Font Info:    ... okay on input line 92.
LaTeX Font Info:    Checking defaults for U/cmr/m/n on input line 92.
LaTeX Font Info:    ... okay on input line 92.
LaTeX Font Info:    Checking defaults for PD1/pdf/m/n on input line 92.
LaTeX Font Info:    ... okay on input line 92.
LaTeX Font Info:    Checking defaults for PU/pdf/m/n on input line 92.
LaTeX Font Info:    ... okay on input line 92.
LaTeX Font Info:    Overwriting math alphabet `\mathrm' in version `normal'
(Font)                  OT1/lmr/m/n --> TU/lmr/m/n on input line 92.
LaTeX Font Info:    Overwriting math alphabet `\mathit' in version `normal'
(Font)                  OT1/lmr/m/it --> TU/lmr/m/it on input line 92.
LaTeX Font Info:    Overwriting math alphabet `\mathbf' in version `normal'
(Font)                  OT1/lmr/bx/n --> TU/lmr/bx/n on input line 92.
LaTeX Font Info:    Overwriting math alphabet `\mathsf' in version `normal'
(Font)                  OT1/lmss/m/n --> TU/lmss/m/n on input line 92.
LaTeX Font Info:    Overwriting math alphabet `\mathsf' in version `bold'
(Font)                  OT1/lmss/bx/n --> TU/lmss/bx/n on input line 92.
LaTeX Font Info:    Overwriting math alphabet `\mathtt' in version `normal'
(Font)                  OT1/lmtt/m/n --> TU/lmtt/m/n on input line 92.
LaTeX Font Info:    Overwriting math alphabet `\mathtt' in version `bold'
(Font)                  OT1/lmtt/m/n --> TU/lmtt/bx/n on input line 92.

Package fontspec Info: 
(fontspec)             latinmodern-math scale = 0.9999967668407183.


Package fontspec Info: 
(fontspec)             latinmodern-math scale = 0.9999967668407183.


Package fontspec Info: 
(fontspec)             latinmodern-math scale = 0.9999967668407183.


Package fontspec Info: 
(fontspec)             Font family 'latinmodern-math.otf(0)' created for font
(fontspec)             'latinmodern-math.otf' with options
(fontspec)             [Scale=MatchLowercase,BoldItalicFont={},ItalicFont={},SmallCapsFont={},Script=Math,BoldFont={latinmodern-math.otf}].
(fontspec)              
(fontspec)              This font family consists of the following NFSS
(fontspec)             series/shapes:
(fontspec)              
(fontspec)             - 'normal' (m/n) with NFSS spec.:
(fontspec)             <->s*[0.9999967668407183]"[latinmodern-math.otf]/OT:script=math;language=dflt;"
(fontspec)             - 'bold' (b/n) with NFSS spec.:
(fontspec)             <->s*[0.9999967668407183]"[latinmodern-math.otf]/OT:script=math;language=dflt;"

LaTeX Font Info:    Font shape `TU/latinmodern-math.otf(0)/m/n' will be
(Font)              scaled to size 10.95pt on input line 92.

Package fontspec Info: 
(fontspec)             latinmodern-math scale = 0.9999967668407183.


Package fontspec Info: 
(fontspec)             latinmodern-math scale = 0.9999967668407183.


Package fontspec Info: 
(fontspec)             latinmodern-math scale = 0.9999967668407183.


Package fontspec Info: 
(fontspec)             latinmodern-math scale = 0.9999967668407183.


Package fontspec Info: 
(fontspec)             latinmodern-math scale = 0.9999967668407183.


Package fontspec Info: 
(fontspec)             Font family 'latinmodern-math.otf(1)' created for font
(fontspec)             'latinmodern-math.otf' with options
(fontspec)             [Scale=MatchLowercase,BoldItalicFont={},ItalicFont={},SmallCapsFont={},Script=Math,SizeFeatures={{Size=9.3075-},{Size=6.57-9.3075,Font=latinmodern-math.otf,Style=MathScript},{Size=-6.57,Font=latinmodern-math.otf,Style=MathScriptScript}},BoldFont={latinmodern-math.otf}].
(fontspec)              
(fontspec)              This font family consists of the following NFSS
(fontspec)             series/shapes:
(fontspec)              
(fontspec)             - 'normal' (m/n) with NFSS spec.:
(fontspec)             <9.3075->s*[0.9999967668407183]"[latinmodern-math.otf]/OT:script=math;language=dflt;"<6.57-9.3075>s*[0.9999967668407183]"[latinmodern-math.otf]/OT:script=math;language=dflt;+ssty=0;"<-6.57>s*[0.9999967668407183]"[latinmodern-math.otf]/OT:script=math;language=dflt;+ssty=1;"
(fontspec)             - 'bold' (b/n) with NFSS spec.:
(fontspec)             <->s*[0.9999967668407183]"[latinmodern-math.otf]/OT:script=math;language=dflt;"

LaTeX Font Info:    Font shape `TU/latinmodern-math.otf(1)/m/n' will be
(Font)              scaled to size 10.95pt on input line 92.
LaTeX Font Info:    Encoding `OT1' has changed to `TU' for symbol font
(Font)              `operators' in the math version `normal' on input line 92.
LaTeX Font Info:    Overwriting symbol font `operators' in version `normal'
(Font)                  OT1/lmr/m/n --> TU/latinmodern-math.otf(1)/m/n on input line 92.
LaTeX Font Info:    Encoding `OT1' has changed to `TU' for symbol font
(Font)              `operators' in the math version `bold' on input line 92.
LaTeX Font Info:    Overwriting symbol font `operators' in version `bold'
(Font)                  OT1/lmr/bx/n --> TU/latinmodern-math.otf(1)/b/n on input line 92.

Package fontspec Info: 
(fontspec)             latinmodern-math scale = 0.9999967668407183.


Package fontspec Info: 
(fontspec)             latinmodern-math scale = 1.000096766517402.


Package fontspec Info: 
(fontspec)             latinmodern-math scale = 0.9999967668407183.


Package fontspec Info: 
(fontspec)             latinmodern-math scale = 1.000096766517402.


Package fontspec Info: 
(fontspec)             latinmodern-math scale = 0.9999967668407183.


Package fontspec Info: 
(fontspec)             latinmodern-math scale = 1.000096766517402.


Package fontspec Info: 
(fontspec)             latinmodern-math scale = 0.9999967668407183.


Package fontspec Info: 
(fontspec)             latinmodern-math scale = 1.000096766517402.


Package fontspec Info: 
(fontspec)             latinmodern-math scale = 0.9999967668407183.


Package fontspec Info: 
(fontspec)             latinmodern-math scale = 1.000096766517402.


Package fontspec Info: 
(fontspec)             Font family 'latinmodern-math.otf(2)' created for font
(fontspec)             'latinmodern-math.otf' with options
(fontspec)             [Scale=MatchLowercase,BoldItalicFont={},ItalicFont={},SmallCapsFont={},Script=Math,SizeFeatures={{Size=9.3075-},{Size=6.57-9.3075,Font=latinmodern-math.otf,Style=MathScript},{Size=-6.57,Font=latinmodern-math.otf,Style=MathScriptScript}},BoldFont={latinmodern-math.otf},ScaleAgain=1.0001,FontAdjustment={\fontdimen
(fontspec)             8\font =7.41315pt\relax \fontdimen 9\font
(fontspec)             =4.3143pt\relax \fontdimen 10\font =4.8618pt\relax
(fontspec)             \fontdimen 11\font =7.5117pt\relax \fontdimen 12\font
(fontspec)             =3.77776pt\relax \fontdimen 13\font =3.97485pt\relax
(fontspec)             \fontdimen 14\font =3.97485pt\relax \fontdimen 15\font
(fontspec)             =3.16455pt\relax \fontdimen 16\font =2.70465pt\relax
(fontspec)             \fontdimen 17\font =2.70465pt\relax \fontdimen 18\font
(fontspec)             =2.7375pt\relax \fontdimen 19\font =2.19pt\relax
(fontspec)             \fontdimen 22\font =2.7375pt\relax \fontdimen 20\font
(fontspec)             =0pt\relax \fontdimen 21\font =0pt\relax }].
(fontspec)              
(fontspec)              This font family consists of the following NFSS
(fontspec)             series/shapes:
(fontspec)              
(fontspec)             - 'normal' (m/n) with NFSS spec.:
(fontspec)             <9.3075->s*[1.000096766517402]"[latinmodern-math.otf]/OT:script=math;language=dflt;"<6.57-9.3075>s*[1.000096766517402]"[latinmodern-math.otf]/OT:script=math;language=dflt;+ssty=0;"<-6.57>s*[1.000096766517402]"[latinmodern-math.otf]/OT:script=math;language=dflt;+ssty=1;"
(fontspec)             - 'bold' (b/n) with NFSS spec.:
(fontspec)             <->s*[1.000096766517402]"[latinmodern-math.otf]/OT:script=math;language=dflt;"

LaTeX Font Info:    Encoding `OMS' has changed to `TU' for symbol font
(Font)              `symbols' in the math version `normal' on input line 92.
LaTeX Font Info:    Overwriting symbol font `symbols' in version `normal'
(Font)                  OMS/lmsy/m/n --> TU/latinmodern-math.otf(2)/m/n on input line 92.
LaTeX Font Info:    Encoding `OMS' has changed to `TU' for symbol font
(Font)              `symbols' in the math version `bold' on input line 92.
LaTeX Font Info:    Overwriting symbol font `symbols' in version `bold'
(Font)                  OMS/lmsy/b/n --> TU/latinmodern-math.otf(2)/b/n on input line 92.

Package fontspec Info: 
(fontspec)             latinmodern-math scale = 0.9999967668407183.


Package fontspec Info: 
(fontspec)             latinmodern-math scale = 0.9998967671640342.


Package fontspec Info: 
(fontspec)             latinmodern-math scale = 0.9999967668407183.


Package fontspec Info: 
(fontspec)             latinmodern-math scale = 0.9998967671640342.


Package fontspec Info: 
(fontspec)             latinmodern-math scale = 0.9999967668407183.


Package fontspec Info: 
(fontspec)             latinmodern-math scale = 0.9998967671640342.


Package fontspec Info: 
(fontspec)             latinmodern-math scale = 0.9999967668407183.


Package fontspec Info: 
(fontspec)             latinmodern-math scale = 0.9998967671640342.


Package fontspec Info: 
(fontspec)             latinmodern-math scale = 0.9999967668407183.


Package fontspec Info: 
(fontspec)             latinmodern-math scale = 0.9998967671640342.


Package fontspec Info: 
(fontspec)             Font family 'latinmodern-math.otf(3)' created for font
(fontspec)             'latinmodern-math.otf' with options
(fontspec)             [Scale=MatchLowercase,BoldItalicFont={},ItalicFont={},SmallCapsFont={},Script=Math,SizeFeatures={{Size=9.3075-},{Size=6.57-9.3075,Font=latinmodern-math.otf,Style=MathScript},{Size=-6.57,Font=latinmodern-math.otf,Style=MathScriptScript}},BoldFont={latinmodern-math.otf},ScaleAgain=0.9999,FontAdjustment={\fontdimen
(fontspec)             8\font =0.438pt\relax \fontdimen 9\font =2.19pt\relax
(fontspec)             \fontdimen 10\font =1.82864pt\relax \fontdimen 11\font
(fontspec)             =1.21545pt\relax \fontdimen 12\font =6.56999pt\relax
(fontspec)             \fontdimen 13\font =0pt\relax }].
(fontspec)              
(fontspec)              This font family consists of the following NFSS
(fontspec)             series/shapes:
(fontspec)              
(fontspec)             - 'normal' (m/n) with NFSS spec.:
(fontspec)             <9.3075->s*[0.9998967671640342]"[latinmodern-math.otf]/OT:script=math;language=dflt;"<6.57-9.3075>s*[0.9998967671640342]"[latinmodern-math.otf]/OT:script=math;language=dflt;+ssty=0;"<-6.57>s*[0.9998967671640342]"[latinmodern-math.otf]/OT:script=math;language=dflt;+ssty=1;"
(fontspec)             - 'bold' (b/n) with NFSS spec.:
(fontspec)             <->s*[0.9998967671640342]"[latinmodern-math.otf]/OT:script=math;language=dflt;"

LaTeX Font Info:    Encoding `OMX' has changed to `TU' for symbol font
(Font)              `largesymbols' in the math version `normal' on input line 92.
LaTeX Font Info:    Overwriting symbol font `largesymbols' in version `normal'
(Font)                  OMX/lmex/m/n --> TU/latinmodern-math.otf(3)/m/n on input line 92.
LaTeX Font Info:    Encoding `OMX' has changed to `TU' for symbol font
(Font)              `largesymbols' in the math version `bold' on input line 92.
LaTeX Font Info:    Overwriting symbol font `largesymbols' in version `bold'
(Font)                  OMX/lmex/m/n --> TU/latinmodern-math.otf(3)/b/n on input line 92.
*geometry* driver: auto-detecting
*geometry* detected driver: xetex
*geometry* verbose mode - [ preamble ] result:
* driver: xetex
* paper: <default>
* layout: <same size as paper>
* layoutoffset:(h,v)=(0.0pt,0.0pt)
* modes: twoside 
* h-part:(L,W,R)=(72.26999pt, 469.75502pt, 72.26999pt)
* v-part:(T,H,B)=(72.26999pt, 650.43001pt, 72.26999pt)
* \paperwidth=614.295pt
* \paperheight=794.96999pt
* \textwidth=469.75502pt
* \textheight=650.43001pt
* \oddsidemargin=0.0pt
* \evensidemargin=0.0pt
* \topmargin=-31.8738pt
* \headheight=12.0pt
* \headsep=19.8738pt
* \topskip=11.0pt
* \footskip=27.46295pt
* \marginparwidth=116.0pt
* \marginparsep=7.0pt
* \columnsep=10.0pt
* \skip\footins=10.0pt plus 4.0pt minus 2.0pt
* \hoffset=0.0pt
* \voffset=0.0pt
* \mag=1000
* \@twocolumnfalse
* \@twosidetrue
* \@mparswitchtrue
* \@reversemarginfalse
* (1in=72.27pt=25.4mm, 1cm=28.453pt)

Package hyperref Info: Link coloring ON on input line 92.
LaTeX Font Info:    Font shape `TU/latinmodern-math.otf(1)/m/n' will be
(Font)              scaled to size 12.0pt on input line 94.
LaTeX Font Info:    Font shape `TU/latinmodern-math.otf(1)/m/n' will be
(Font)              scaled to size 8.0pt on input line 94.
LaTeX Font Info:    Font shape `TU/latinmodern-math.otf(1)/m/n' will be
(Font)              scaled to size 6.0pt on input line 94.
LaTeX Font Info:    Trying to load font information for OML+lmm on input line 94.
(c:/Users/lhbik/AppData/Roaming/TinyTeX/texmf-dist/tex/latex/lm/omllmm.fd
File: omllmm.fd 2015/05/01 v1.6.1 Font defs for Latin Modern
)
LaTeX Font Info:    Font shape `TU/latinmodern-math.otf(2)/m/n' will be
(Font)              scaled to size 12.0011pt on input line 94.
LaTeX Font Info:    Font shape `TU/latinmodern-math.otf(2)/m/n' will be
(Font)              scaled to size 8.00073pt on input line 94.
LaTeX Font Info:    Font shape `TU/latinmodern-math.otf(2)/m/n' will be
(Font)              scaled to size 6.00055pt on input line 94.
LaTeX Font Info:    Font shape `TU/latinmodern-math.otf(3)/m/n' will be
(Font)              scaled to size 11.99872pt on input line 94.
LaTeX Font Info:    Font shape `TU/latinmodern-math.otf(3)/m/n' will be
(Font)              scaled to size 7.99915pt on input line 94.
LaTeX Font Info:    Font shape `TU/latinmodern-math.otf(3)/m/n' will be
(Font)              scaled to size 5.99936pt on input line 94.
LaTeX Font Info:    Trying to load font information for U+msa on input line 94.
(c:/Users/lhbik/AppData/Roaming/TinyTeX/texmf-dist/tex/latex/amsfonts/umsa.fd
File: umsa.fd 2013/01/14 v3.01 AMS symbols A
)
LaTeX Font Info:    Trying to load font information for U+msb on input line 94.
(c:/Users/lhbik/AppData/Roaming/TinyTeX/texmf-dist/tex/latex/amsfonts/umsb.fd
File: umsb.fd 2013/01/14 v3.01 AMS symbols B
)

[1


]

[2

] (./TransformingResearchMethods.toc
LaTeX Font Info:    Font shape `TU/latinmodern-math.otf(1)/m/n' will be
(Font)              scaled to size 7.665pt on input line 2.
LaTeX Font Info:    Font shape `TU/latinmodern-math.otf(1)/m/n' will be
(Font)              scaled to size 5.475pt on input line 2.
LaTeX Font Info:    Font shape `TU/latinmodern-math.otf(2)/m/n' will be
(Font)              scaled to size 10.95099pt on input line 2.
LaTeX Font Info:    Font shape `TU/latinmodern-math.otf(2)/m/n' will be
(Font)              scaled to size 7.66568pt on input line 2.
LaTeX Font Info:    Font shape `TU/latinmodern-math.otf(2)/m/n' will be
(Font)              scaled to size 5.4755pt on input line 2.
LaTeX Font Info:    Font shape `TU/latinmodern-math.otf(3)/m/n' will be
(Font)              scaled to size 10.94882pt on input line 2.
LaTeX Font Info:    Font shape `TU/latinmodern-math.otf(3)/m/n' will be
(Font)              scaled to size 7.66417pt on input line 2.
LaTeX Font Info:    Font shape `TU/latinmodern-math.otf(3)/m/n' will be
(Font)              scaled to size 5.47441pt on input line 2.


[3]

[4]

[5]

[6]

[7])
\tf@toc=\write3
\openout3 = `TransformingResearchMethods.toc'.



[8]
File: images/bookcover.png Graphic file (type bmp)
<images/bookcover.png>

LaTeX Warning: Float too large for page by 50.14732pt on input line 107.



[9

]

[10]

[11

]

[12]
Chapter 1.


[13

]


Overfull \hbox (16.2851pt too wide) has occurred while \output is active
\TU/lmr/m/n/10.95 14 \TU/lmr/m/sl/10.95 CHAPTER 1.  INTERNAL AND EXTERNAL VALIDITY IN HEALTH SERVICE PSYCHOLOGY
 []

[14]

[15]


Overfull \hbox (16.2851pt too wide) has occurred while \output is active
\TU/lmr/m/n/10.95 16 \TU/lmr/m/sl/10.95 CHAPTER 1.  INTERNAL AND EXTERNAL VALIDITY IN HEALTH SERVICE PSYCHOLOGY
 []

[16]

[17]


Overfull \hbox (16.2851pt too wide) has occurred while \output is active
\TU/lmr/m/n/10.95 18 \TU/lmr/m/sl/10.95 CHAPTER 1.  INTERNAL AND EXTERNAL VALIDITY IN HEALTH SERVICE PSYCHOLOGY
 []

[18]

[19]


Overfull \hbox (16.2851pt too wide) has occurred while \output is active
\TU/lmr/m/n/10.95 20 \TU/lmr/m/sl/10.95 CHAPTER 1.  INTERNAL AND EXTERNAL VALIDITY IN HEALTH SERVICE PSYCHOLOGY
 []

[20]

[21]


Overfull \hbox (16.2851pt too wide) has occurred while \output is active
\TU/lmr/m/n/10.95 22 \TU/lmr/m/sl/10.95 CHAPTER 1.  INTERNAL AND EXTERNAL VALIDITY IN HEALTH SERVICE PSYCHOLOGY
 []

[22]

[23]


Overfull \hbox (16.2851pt too wide) has occurred while \output is active
\TU/lmr/m/n/10.95 24 \TU/lmr/m/sl/10.95 CHAPTER 1.  INTERNAL AND EXTERNAL VALIDITY IN HEALTH SERVICE PSYCHOLOGY
 []

[24]

[25]


Overfull \hbox (16.2851pt too wide) has occurred while \output is active
\TU/lmr/m/n/10.95 26 \TU/lmr/m/sl/10.95 CHAPTER 1.  INTERNAL AND EXTERNAL VALIDITY IN HEALTH SERVICE PSYCHOLOGY
 []

[26]
Chapter 2.

Underfull \hbox (badness 10000) in paragraph at lines 410--412

 []



[27

]


Overfull \hbox (73.0925pt too wide) has occurred while \output is active
\TU/lmr/m/n/10.95 28 \TU/lmr/m/sl/10.95 CHAPTER 2.  UNDERSTANDING TRAINING MODELS AND THE FACTORS THAT TRANSCEND THEM
 []

[28]

[29]
Underfull \vbox (badness 10000) has occurred while \output is active []




Overfull \hbox (73.0925pt too wide) has occurred while \output is active
\TU/lmr/m/n/10.95 30 \TU/lmr/m/sl/10.95 CHAPTER 2.  UNDERSTANDING TRAINING MODELS AND THE FACTORS THAT TRANSCEND THEM
 []

[30]


Overfull \hbox (81.6104pt too wide) has occurred while \output is active
\TU/lmr/m/sl/10.95 2.5.  THE VALUE OF RESEARCH AND QUANTITATIVE/QUALITATIVE LITERACY AS A COMPETENCY \TU/lmr/m/n/10.95 31
 []

[31]


Overfull \hbox (73.0925pt too wide) has occurred while \output is active
\TU/lmr/m/n/10.95 32 \TU/lmr/m/sl/10.95 CHAPTER 2.  UNDERSTANDING TRAINING MODELS AND THE FACTORS THAT TRANSCEND THEM
 []

[32]

[33]


Overfull \hbox (73.0925pt too wide) has occurred while \output is active
\TU/lmr/m/n/10.95 34 \TU/lmr/m/sl/10.95 CHAPTER 2.  UNDERSTANDING TRAINING MODELS AND THE FACTORS THAT TRANSCEND THEM
 []

[34]

[35]


Overfull \hbox (73.0925pt too wide) has occurred while \output is active
\TU/lmr/m/n/10.95 36 \TU/lmr/m/sl/10.95 CHAPTER 2.  UNDERSTANDING TRAINING MODELS AND THE FACTORS THAT TRANSCEND THEM
 []

[36]

[37]
Overfull \hbox (17.9783pt too wide) in paragraph at lines 575--576
[]\TU/lmr/m/n/10.95 Institution  
 []


Overfull \hbox (14.65878pt too wide) in paragraph at lines 577--578
[]\TU/lmr/m/n/10.95 Program  
 []


Overfull \hbox (73.0925pt too wide) has occurred while \output is active
\TU/lmr/m/n/10.95 38 \TU/lmr/m/sl/10.95 CHAPTER 2.  UNDERSTANDING TRAINING MODELS AND THE FACTORS THAT TRANSCEND THEM
 []

[38]

[39]


Overfull \hbox (73.0925pt too wide) has occurred while \output is active
\TU/lmr/m/n/10.95 40 \TU/lmr/m/sl/10.95 CHAPTER 2.  UNDERSTANDING TRAINING MODELS AND THE FACTORS THAT TRANSCEND THEM
 []

[40

]
Chapter 3.

Underfull \hbox (badness 10000) in paragraph at lines 607--611

 []



[41]


Overfull \hbox (305.81161pt too wide) has occurred while \output is active
\TU/lmr/m/n/10.95 42 \TU/lmr/m/sl/10.95 CHAPTER 3.  BUILDING EQUITY INTO RESEARCH DESIGN: COMMUNITY-BASED PARTICIPATORY RESEARCH IN COUNSELING PSYCHOLOGY
 []

[42]
Overfull \hbox (55.11133pt too wide) in paragraph at lines 685--686
[][][][][][][][][] [] [][][][][][] [] [][][][][][][][][][][][][][][][][][][][][][][][][][][][][][][][][][][][][][][][][][][][][][][][][][][][][][][][][][][][][]$[][] 
 []



[43]


Overfull \hbox (305.81161pt too wide) has occurred while \output is active
\TU/lmr/m/n/10.95 44 \TU/lmr/m/sl/10.95 CHAPTER 3.  BUILDING EQUITY INTO RESEARCH DESIGN: COMMUNITY-BASED PARTICIPATORY RESEARCH IN COUNSELING PSYCHOLOGY
 []

[44]
Underfull \vbox (badness 1436) has occurred while \output is active []




Overfull \hbox (8.47537pt too wide) has occurred while \output is active
\TU/lmr/m/sl/10.95 3.4.  WHAT ARE HEALTH DISPARITIES, AND HOW DO WE PROMOTE HEALTH EQUITY? \TU/lmr/m/n/10.95 45
 []

[45]


Overfull \hbox (305.81161pt too wide) has occurred while \output is active
\TU/lmr/m/n/10.95 46 \TU/lmr/m/sl/10.95 CHAPTER 3.  BUILDING EQUITY INTO RESEARCH DESIGN: COMMUNITY-BASED PARTICIPATORY RESEARCH IN COUNSELING PSYCHOLOGY
 []

[46]

[47]


Overfull \hbox (305.81161pt too wide) has occurred while \output is active
\TU/lmr/m/n/10.95 48 \TU/lmr/m/sl/10.95 CHAPTER 3.  BUILDING EQUITY INTO RESEARCH DESIGN: COMMUNITY-BASED PARTICIPATORY RESEARCH IN COUNSELING PSYCHOLOGY
 []

[48]


Overfull \hbox (45.96199pt too wide) has occurred while \output is active
\TU/lmr/m/sl/10.95 3.6.  CONSIDERATIONS FOR CONDUCTING COMMUNITY-BASED PARTICIPATORY RESEARCH \TU/lmr/m/n/10.95 49
 []

[49]
Underfull \vbox (badness 5985) has occurred while \output is active []




Overfull \hbox (305.81161pt too wide) has occurred while \output is active
\TU/lmr/m/n/10.95 50 \TU/lmr/m/sl/10.95 CHAPTER 3.  BUILDING EQUITY INTO RESEARCH DESIGN: COMMUNITY-BASED PARTICIPATORY RESEARCH IN COUNSELING PSYCHOLOGY
 []

[50]


Overfull \hbox (45.96199pt too wide) has occurred while \output is active
\TU/lmr/m/sl/10.95 3.6.  CONSIDERATIONS FOR CONDUCTING COMMUNITY-BASED PARTICIPATORY RESEARCH \TU/lmr/m/n/10.95 51
 []

[51]


Overfull \hbox (305.81161pt too wide) has occurred while \output is active
\TU/lmr/m/n/10.95 52 \TU/lmr/m/sl/10.95 CHAPTER 3.  BUILDING EQUITY INTO RESEARCH DESIGN: COMMUNITY-BASED PARTICIPATORY RESEARCH IN COUNSELING PSYCHOLOGY
 []

[52]


Overfull \hbox (164.34976pt too wide) has occurred while \output is active
\TU/lmr/m/sl/10.95 3.7.  CRITICAL QUESTIONS FOR CONDUCTING AND REVIEWING COMMUNITY-BASED PARTICIPATORY RESEARCH \TU/lmr/m/n/10.95 53
 []

[53]
Underfull \vbox (badness 3148) has occurred while \output is active []




Overfull \hbox (305.81161pt too wide) has occurred while \output is active
\TU/lmr/m/n/10.95 54 \TU/lmr/m/sl/10.95 CHAPTER 3.  BUILDING EQUITY INTO RESEARCH DESIGN: COMMUNITY-BASED PARTICIPATORY RESEARCH IN COUNSELING PSYCHOLOGY
 []

[54]
Underfull \vbox (badness 10000) has occurred while \output is active []




Overfull \hbox (455.47495pt too wide) has occurred while \output is active
\TU/lmr/m/sl/10.95 3.8.  SUGGESTIONS FOR CARRYING OUT COMMUNITY-BASED PARTICIPATORY RESEARCH: APPLICATIONS FOR PRACTICE, FURTHER LEARNING, AND CONVERSATION \TU/lmr/m/n/10.95 55
 []

[55]


Overfull \hbox (305.81161pt too wide) has occurred while \output is active
\TU/lmr/m/n/10.95 56 \TU/lmr/m/sl/10.95 CHAPTER 3.  BUILDING EQUITY INTO RESEARCH DESIGN: COMMUNITY-BASED PARTICIPATORY RESEARCH IN COUNSELING PSYCHOLOGY
 []

[56]


Overfull \hbox (10.91106pt too wide) has occurred while \output is active
\TU/lmr/m/sl/10.95 3.11.  APPENDIX A: CHECKLIST FOR COMMUNITY-BASED PARTICIPATORY RESEARCH \TU/lmr/m/n/10.95 57
 []

[57]


Overfull \hbox (305.81161pt too wide) has occurred while \output is active
\TU/lmr/m/n/10.95 58 \TU/lmr/m/sl/10.95 CHAPTER 3.  BUILDING EQUITY INTO RESEARCH DESIGN: COMMUNITY-BASED PARTICIPATORY RESEARCH IN COUNSELING PSYCHOLOGY
 []

[58

]
Chapter 4.

Underfull \hbox (badness 10000) in paragraph at lines 1000--1005

 []


Underfull \hbox (badness 10000) in paragraph at lines 1006--1007

 []



[59]


Overfull \hbox (34.6142pt too wide) has occurred while \output is active
\TU/lmr/m/n/10.95 60 \TU/lmr/m/sl/10.95 CHAPTER 4.  BEST PRACTICES FOR DISSEMINATION TO SCIENTIFIC AND LAY AUDIENCES
 []

[60]

[61]


Overfull \hbox (34.6142pt too wide) has occurred while \output is active
\TU/lmr/m/n/10.95 62 \TU/lmr/m/sl/10.95 CHAPTER 4.  BEST PRACTICES FOR DISSEMINATION TO SCIENTIFIC AND LAY AUDIENCES
 []

[62]

[63]


Overfull \hbox (34.6142pt too wide) has occurred while \output is active
\TU/lmr/m/n/10.95 64 \TU/lmr/m/sl/10.95 CHAPTER 4.  BEST PRACTICES FOR DISSEMINATION TO SCIENTIFIC AND LAY AUDIENCES
 []

[64]
Chapter 5.

Underfull \hbox (badness 10000) in paragraph at lines 1104--1107

 []



[65

]


Overfull \hbox (17.9033pt too wide) has occurred while \output is active
\TU/lmr/m/n/10.95 66 \TU/lmr/m/sl/10.95 CHAPTER 5.  OPEN SCIENCE AS A STEP TOWARD SOCIAL RESPONSIVITY IN RESEARCH
 []

[66]

[67]


Overfull \hbox (17.9033pt too wide) has occurred while \output is active
\TU/lmr/m/n/10.95 68 \TU/lmr/m/sl/10.95 CHAPTER 5.  OPEN SCIENCE AS A STEP TOWARD SOCIAL RESPONSIVITY IN RESEARCH
 []

[68]

[69]


Overfull \hbox (17.9033pt too wide) has occurred while \output is active
\TU/lmr/m/n/10.95 70 \TU/lmr/m/sl/10.95 CHAPTER 5.  OPEN SCIENCE AS A STEP TOWARD SOCIAL RESPONSIVITY IN RESEARCH
 []

[70]

[71]


Overfull \hbox (17.9033pt too wide) has occurred while \output is active
\TU/lmr/m/n/10.95 72 \TU/lmr/m/sl/10.95 CHAPTER 5.  OPEN SCIENCE AS A STEP TOWARD SOCIAL RESPONSIVITY IN RESEARCH
 []

[72]

[73]


Overfull \hbox (17.9033pt too wide) has occurred while \output is active
\TU/lmr/m/n/10.95 74 \TU/lmr/m/sl/10.95 CHAPTER 5.  OPEN SCIENCE AS A STEP TOWARD SOCIAL RESPONSIVITY IN RESEARCH
 []

[74]

[75]


Overfull \hbox (17.9033pt too wide) has occurred while \output is active
\TU/lmr/m/n/10.95 76 \TU/lmr/m/sl/10.95 CHAPTER 5.  OPEN SCIENCE AS A STEP TOWARD SOCIAL RESPONSIVITY IN RESEARCH
 []

[76]
Chapter 6.

Underfull \hbox (badness 10000) in paragraph at lines 1315--1319

 []


Underfull \vbox (badness 1371) has occurred while \output is active []



[77

]
Underfull \hbox (badness 10000) in paragraph at lines 1358--1359

 []




Overfull \hbox (387.26624pt too wide) has occurred while \output is active
\TU/lmr/m/n/10.95 78 \TU/lmr/m/sl/10.95 CHAPTER 6.  SOCIAL AND CULTURAL RESPONSIVITY IN THE RESEARCH ENVIRONMENT: GRADUATE STUDENT PERSPECTIVES AND RECOMMENDATIONS
 []

[78]

[79]


Overfull \hbox (387.26624pt too wide) has occurred while \output is active
\TU/lmr/m/n/10.95 80 \TU/lmr/m/sl/10.95 CHAPTER 6.  SOCIAL AND CULTURAL RESPONSIVITY IN THE RESEARCH ENVIRONMENT: GRADUATE STUDENT PERSPECTIVES AND RECOMMENDATIONS
 []

[80]

[81]


Overfull \hbox (387.26624pt too wide) has occurred while \output is active
\TU/lmr/m/n/10.95 82 \TU/lmr/m/sl/10.95 CHAPTER 6.  SOCIAL AND CULTURAL RESPONSIVITY IN THE RESEARCH ENVIRONMENT: GRADUATE STUDENT PERSPECTIVES AND RECOMMENDATIONS
 []

[82]

[83]


Overfull \hbox (387.26624pt too wide) has occurred while \output is active
\TU/lmr/m/n/10.95 84 \TU/lmr/m/sl/10.95 CHAPTER 6.  SOCIAL AND CULTURAL RESPONSIVITY IN THE RESEARCH ENVIRONMENT: GRADUATE STUDENT PERSPECTIVES AND RECOMMENDATIONS
 []

[84]

[85]
Underfull \vbox (badness 5637) has occurred while \output is active []




Overfull \hbox (387.26624pt too wide) has occurred while \output is active
\TU/lmr/m/n/10.95 86 \TU/lmr/m/sl/10.95 CHAPTER 6.  SOCIAL AND CULTURAL RESPONSIVITY IN THE RESEARCH ENVIRONMENT: GRADUATE STUDENT PERSPECTIVES AND RECOMMENDATIONS
 []

[86]

[87]


Overfull \hbox (387.26624pt too wide) has occurred while \output is active
\TU/lmr/m/n/10.95 88 \TU/lmr/m/sl/10.95 CHAPTER 6.  SOCIAL AND CULTURAL RESPONSIVITY IN THE RESEARCH ENVIRONMENT: GRADUATE STUDENT PERSPECTIVES AND RECOMMENDATIONS
 []

[88]

[89]


Overfull \hbox (387.26624pt too wide) has occurred while \output is active
\TU/lmr/m/n/10.95 90 \TU/lmr/m/sl/10.95 CHAPTER 6.  SOCIAL AND CULTURAL RESPONSIVITY IN THE RESEARCH ENVIRONMENT: GRADUATE STUDENT PERSPECTIVES AND RECOMMENDATIONS
 []

[90]

[91]


Overfull \hbox (387.26624pt too wide) has occurred while \output is active
\TU/lmr/m/n/10.95 92 \TU/lmr/m/sl/10.95 CHAPTER 6.  SOCIAL AND CULTURAL RESPONSIVITY IN THE RESEARCH ENVIRONMENT: GRADUATE STUDENT PERSPECTIVES AND RECOMMENDATIONS
 []

[92]

[93]


Overfull \hbox (387.26624pt too wide) has occurred while \output is active
\TU/lmr/m/n/10.95 94 \TU/lmr/m/sl/10.95 CHAPTER 6.  SOCIAL AND CULTURAL RESPONSIVITY IN THE RESEARCH ENVIRONMENT: GRADUATE STUDENT PERSPECTIVES AND RECOMMENDATIONS
 []

[94]

[95]


Overfull \hbox (387.26624pt too wide) has occurred while \output is active
\TU/lmr/m/n/10.95 96 \TU/lmr/m/sl/10.95 CHAPTER 6.  SOCIAL AND CULTURAL RESPONSIVITY IN THE RESEARCH ENVIRONMENT: GRADUATE STUDENT PERSPECTIVES AND RECOMMENDATIONS
 []

[96]

[97]


Overfull \hbox (387.26624pt too wide) has occurred while \output is active
\TU/lmr/m/n/10.95 98 \TU/lmr/m/sl/10.95 CHAPTER 6.  SOCIAL AND CULTURAL RESPONSIVITY IN THE RESEARCH ENVIRONMENT: GRADUATE STUDENT PERSPECTIVES AND RECOMMENDATIONS
 []

[98]
Chapter 7.

Underfull \vbox (badness 1817) has occurred while \output is active []



[99

]

[100]

[101]

[102]

[103]
Overfull \hbox (4.13231pt too wide) in paragraph at lines 1892--1893
 []\TU/lmr/m/n/10.95 +/- 
 []


Overfull \hbox (6.77126pt too wide) in paragraph at lines 1898--1899
 []|\TU/lmr/bx/n/10.95 +/- 
 []


Overfull \hbox (4.13231pt too wide) in paragraph at lines 1901--1902
 []|\TU/lmr/m/n/10.95 +/- 
 []


Overfull \hbox (4.13231pt too wide) in paragraph at lines 1903--1904
 []|\TU/lmr/m/n/10.95 +/- 
 []


Overfull \hbox (6.77126pt too wide) in paragraph at lines 1909--1910
 []|\TU/lmr/bx/n/10.95 +/- 
 []


Overfull \hbox (6.77126pt too wide) in paragraph at lines 1913--1914
 []|\TU/lmr/bx/n/10.95 +/- 
 []


Overfull \hbox (4.13231pt too wide) in paragraph at lines 1918--1919
 []|\TU/lmr/m/n/10.95 +/- 
 []


Overfull \hbox (2.91687pt too wide) in paragraph at lines 1920--1921
 []|\TU/lmr/m/n/10.95 NA| 
 []


Overfull \hbox (2.91687pt too wide) in paragraph at lines 1922--1923
 []|\TU/lmr/m/n/10.95 NA| 
 []


Overfull \hbox (2.91687pt too wide) in paragraph at lines 1924--1925
 []|\TU/lmr/m/n/10.95 NA| 
 []


Overfull \hbox (4.13231pt too wide) in paragraph at lines 1926--1927
 []|\TU/lmr/m/n/10.95 +/- 
 []


Overfull \hbox (6.77126pt too wide) in paragraph at lines 1927--1928
 []|\TU/lmr/bx/n/10.95 +/- 
 []


Overfull \hbox (4.13231pt too wide) in paragraph at lines 1929--1930
 []|\TU/lmr/m/n/10.95 +/- 
 []


Overfull \hbox (4.13231pt too wide) in paragraph at lines 1930--1931
 []|\TU/lmr/m/n/10.95 +/- 
 []


Overfull \hbox (6.77126pt too wide) in paragraph at lines 1931--1932
 []|\TU/lmr/bx/n/10.95 +/- 
 []


Overfull \hbox (4.13231pt too wide) in paragraph at lines 1932--1933
 []|\TU/lmr/m/n/10.95 +/- 
 []

[104] [105] [106] [107]

[108]
Underfull \hbox (badness 10000) in paragraph at lines 1966--1968

 []



[109]

[110]

[111]

[112]

[113]

[114]

[115]
Overfull \hbox (4.13231pt too wide) in paragraph at lines 2345--2346
 []\TU/lmr/m/n/10.95 +/- 
 []


Overfull \hbox (6.77126pt too wide) in paragraph at lines 2351--2352
 []|\TU/lmr/bx/n/10.95 +/- 
 []


Overfull \hbox (6.77126pt too wide) in paragraph at lines 2354--2355
 []|\TU/lmr/bx/n/10.95 +/- 
 []


Overfull \hbox (6.77126pt too wide) in paragraph at lines 2356--2357
 []|\TU/lmr/bx/n/10.95 +/- 
 []


Overfull \hbox (6.77126pt too wide) in paragraph at lines 2362--2363
 []|\TU/lmr/bx/n/10.95 +/- 
 []


Overfull \hbox (6.77126pt too wide) in paragraph at lines 2366--2367
 []|\TU/lmr/bx/n/10.95 +/- 
 []


Overfull \hbox (6.77126pt too wide) in paragraph at lines 2380--2381
 []|\TU/lmr/bx/n/10.95 +/- 
 []


Overfull \hbox (6.77126pt too wide) in paragraph at lines 2384--2385
 []|\TU/lmr/bx/n/10.95 +/- 
 []

[116]
Overfull \hbox (3.83853pt too wide) has occurred while \output is active
\TU/lmr/m/sl/10.95 7.8.  SUGGESTIONS FOR PRACTICE, FURTHER LEARNING, AND/OR CONVERSATION \TU/lmr/m/n/10.95 117
 []

[117] [118]


Overfull \hbox (3.83853pt too wide) has occurred while \output is active
\TU/lmr/m/sl/10.95 7.8.  SUGGESTIONS FOR PRACTICE, FURTHER LEARNING, AND/OR CONVERSATION \TU/lmr/m/n/10.95 119
 []

[119]

[120

]
Chapter 8.


[121]

[122]
Chapter 9.


[123

]

[124

] (./TransformingResearchMethods.bbl

[125]

[126

]
Underfull \hbox (badness 10000) in paragraph at lines 13--15
[] [] [][][][][][][][][][] [] [][][] [] [][][] [] [][][][][][][][] [][] [][][][][][][][] [] [][][][][][][][] [] [][][] [] [][][][][][][][][][] [] [][][][][][][][][] [][] [][][][][][][][][][][][] [][]
 []


Underfull \hbox (badness 1661) in paragraph at lines 34--40
[][][][] [] [][] [] [] [] [][][]$\TU/lmr/m/n/10.95 .  URL [][]$[][][][][] [] [] [] [][][][][][][] [] [][][] [] [][][] [] [][][][][] [] [][][] [] [][][][] [] [] [] [][][][][][] [] [][][][][][][][][] [] [][][] [] [][][][][] []
 []


Underfull \hbox (badness 7379) in paragraph at lines 52--55
[]\TU/lmr/m/n/10.95 GitHub, July 2022a.  URL [][]$[][][][][] [] [] [] [][] [] [][][][][][][][][] [] [][][] [] [] [] [][][][][] [] [][][] [] [][][][][] [] [][][][][][][][][][][][] []
 []


Underfull \hbox (badness 1558) in paragraph at lines 61--64
[]\TU/lmr/m/n/10.95 Mendeley, June 2022c.  URL [][]$[][][][][] [] [] [] [][] [] [][][][][][][][][] [] [][][] [] [] [] [][][][][] [] [][][] [] [][][][][] [] [][][][][][][][][][][][][][] []
 []


Underfull \hbox (badness 10000) in paragraph at lines 66--69
[]\TU/lmr/m/n/10.95 Open science, May 2022d.  URL [][]$[][][][][] [] [] [] [][] [] [][][][][][][][][] [] [][][] [] [] [] [][][][][] [] [][][] [] [][][][][] [] [][][][] []
 []


Underfull \hbox (badness 5878) in paragraph at lines 76--79
[]\TU/lmr/m/n/10.95 RStudio, July 2022f.  URL [][]$[][][][][] [] [] [] [][] [] [][][][][][][][][] [] [][][] [] [] [] [][][][][] [] [][][] [] [][][][][] [] [][][][][][][][][][][][][] []
 []



[127]
Underfull \hbox (badness 2088) in paragraph at lines 93--100
[]\TU/lmr/m/n/10.95 George Alter and Richard Gonzalez.  Responsible practices for data sharing.  \TU/lmr/m/it/10.95 Amer-
 []


Underfull \hbox (badness 2401) in paragraph at lines 93--100
\TU/lmr/m/it/10.95 ican Psychologist\TU/lmr/m/n/10.95 , 73(2):146156, February 2018.  ISSN 0003-066X.  doi: $[][] [] [][][][] []
 []

Missing character: There is no  (U+201F) in font [lmroman10-regular]:mapping=tex-text;!

Underfull \hbox (badness 1748) in paragraph at lines 126--133
[]\TU/lmr/m/n/10.95 Mark Appelbaum, Harris Cooper, Rex B. Kline, Evan Mayo-Wilson, Arthur M. Nezu,
 []


Underfull \hbox (badness 2486) in paragraph at lines 126--133
\TU/lmr/m/n/10.95 and Stephen M. Rao.  Journal article reporting standards for quantitative research
 []


Underfull \hbox (badness 1917) in paragraph at lines 126--133
\TU/lmr/m/n/10.95 in psychology: The APA Publications and Communications Board task force report.
 []


Underfull \hbox (badness 1917) in paragraph at lines 126--133
\TU/lmr/m/it/10.95 American Psychologist\TU/lmr/m/n/10.95 , 73(1):325, January 2018.  ISSN 0003-066X.  doi: $[][] [] [][][][] []
 []



[128]
Underfull \hbox (badness 1297) in paragraph at lines 174--181
\TU/lmr/m/n/10.95 titative research in psychology: Report of the joint psychological societies preregistra-
 []


Underfull \hbox (badness 2293) in paragraph at lines 174--181
[][][][] [] [][][][][][][][][][]$\TU/lmr/m/n/10.95 .  URL [][]$[][][][][] [] [] [] [][][][][][][] [] [][][] [] [][][] [] [][][][][] [] [][][] [] [][][][][] [] [] [] [][][][][][] [] [][][][][][][][][] [] [][][] []
 []


Underfull \hbox (badness 1354) in paragraph at lines 215--222
\TU/lmr/m/it/10.95 chologist\TU/lmr/m/n/10.95 , 38(4):414423, April 1983.  ISSN 0003-066X.  doi: $[][] [] [][][][] [] [][][][] [][] [][][][] [] [][] [] [] []
 []



[129]

[130]

[131]
Underfull \hbox (badness 1102) in paragraph at lines 440--447
[]\TU/lmr/m/n/10.95 Judith L. Gibbons.  Inaugural editorial.  \TU/lmr/m/it/10.95 International Perspectives in Psychology: Re-
 []


Underfull \hbox (badness 1231) in paragraph at lines 480--487
\TU/lmr/m/it/10.95 ioral Medicine\TU/lmr/m/n/10.95 , 10(1):121, December 2022.  ISSN null.  doi: $[][] [] [][][][] [] [][][][][][][][] [] [][][][] []
 []



[132]
Underfull \hbox (badness 5939) in paragraph at lines 529--536
[]\TU/lmr/m/n/10.95 Yu-Te Huang and Randolph C. H. Chan.  Effects of sexual orientation conceal-
 []


Underfull \hbox (badness 1406) in paragraph at lines 529--536
\TU/lmr/m/n/10.95 ment on well-being among sexual minorities: How and when does concealment hurt?
 []


Underfull \hbox (badness 3690) in paragraph at lines 529--536
\TU/lmr/m/it/10.95 Journal of Counseling Psychology\TU/lmr/m/n/10.95 , June 2022.  ISSN 0022-0167.  doi: $[][] [] [][][][] []
 []



[133]

[134]
Underfull \hbox (badness 1694) in paragraph at lines 691--698
[][][][] [][] [][][][] [] [][] [] [] [] [][][]$\TU/lmr/m/n/10.95 .  URL [][]$[][][][][] [] [] [] [][][][][][][] [] [][][] [] [][][] [] [][][][][] [] [][][] [] [][][][] [] [] [] [][][][][][] [] [][][][][][][][][] [] [][][] []
 []



[135]

[136]
Underfull \hbox (badness 10000) in paragraph at lines 810--817
[] [] [][][][][][] [] [][][][][][][][][] [] [][][] [] [][][][][] [] [][][][] [] [][][][][][] [] [][][][][][][][][][][][][] [] [][][][][] [] [][][][][][][] [] [][][][] [][] [][][][][] [][]
 []



[137]
Underfull \hbox (badness 6658) in paragraph at lines 893--897
[]\TU/lmr/m/n/10.95 J. Ponterotto.  Qualitative Research Training in Counseling Psychology: A Sur-
 []


Underfull \hbox (badness 2698) in paragraph at lines 893--897
\TU/lmr/m/n/10.95 vey of Directors of Training.  \TU/lmr/m/it/10.95 Teaching of Psychology\TU/lmr/m/n/10.95 , 2005.  URL [][]$[][][][][] [] [] [] [][][] []
 []


Underfull \hbox (badness 10000) in paragraph at lines 893--897
[][][][][][][][][][][][][][][] [] [][][] [] [][][][][] [] [][][][][][][][][][][] [][] [][][][][][][][] [][] [][][][][][][][] [][] [][] [][] [][][][][][][][][][] [][] [] [][] [][] [][] [][] [][] [][][][][][][][][][] []
 []


Underfull \hbox (badness 1038) in paragraph at lines 915--922
[]\TU/lmr/m/n/10.95 Robert Rosenthal.  The file drawer problem and tolerance for null results.  \TU/lmr/m/it/10.95 Psychologi-
 []


Underfull \hbox (badness 10000) in paragraph at lines 924--931
[] [] [][][][][][] [] [][][][][][][][][] [] [][][] [] [][][][][] [] [][][][] [] [][][][][][] [] [][][][][][][][][][][][][] [] [][][][][] [] [][][][][][][] [] [][][][] [][] [][][][][] [][]
 []



[138]

[139])

[140] (./TransformingResearchMethods.aux)
 ***********
LaTeX2e <2024-06-01> patch level 2
L3 programming layer <2024-07-20>
 ***********
 ) 
Here is how much of TeX's memory you used:
 18721 strings out of 476234
 347936 string characters out of 5785539
 1971612 words of memory out of 5000000
 41053 multiletter control sequences out of 15000+600000
 564518 words of font info for 89 fonts, out of 8000000 for 9000
 14 hyphenation exceptions out of 8191
 90i,7n,123p,2594b,795s stack positions out of 10000i,1000n,20000p,200000b,200000s

Output written on TransformingResearchMethods.pdf (140 pages).
